Tue Feb 14 13:10:00 2017 [FASS][I]: Starting Fass v1.1
----------------------------------------
     Fass Configuration File      
----------------------------------------
/root/one-fass/src/fass/etc/fassd.conf 
----------------------------------------
Tue Feb 14 13:10:00 2017 [CONF][I]: Reading configuration...
> fass.log_level=5
> fass.manager_timer=60
> fass.one_endpoint=localhost
> fass.one_port=2633
> rpcm.keepalive_max_conn=30
> rpcm.keepalive_timeout=15
> rpcm.listen_address=0.0.0.0
> rpcm.listen_port=2637
> rpcm.log_call_format=Req:%i UID:%u %m invoked %l
> rpcm.max_conn=15
> rpcm.max_conn_backlog=15
> rpcm.message_size(default)=1073741824
> rpcm.rpc_log=1
> rpcm.timeout=15

Tue Feb 14 13:10:00 2017 [RPCM][I]: Starting RPC Manager...
Tue Feb 14 13:10:00 2017 [RPCM][I]: Starting XML-RPC server, port 2637 ...
Tue Feb 14 13:10:24 2017 [SCHED][I]: XML-RPC client using 1073741824 bytes for response buffer.

Tue Feb 14 13:17:40 2017 [SCHED][I]: XML-RPC client using 1073741824 bytes for response buffer.

Tue Feb 14 13:18:07 2017 [SCHED][I]: XML-RPC client using 1073741824 bytes for response buffer.

Tue Feb 14 13:18:22 2017 [RPCM][D]: Req:9392 UID:0 SystemVersion invoked , ""
Tue Feb 14 13:18:22 2017 [RPCM][D]: Req:9392 UID:0 SystemVersion result SUCCESS, "Fass v1.1"
Tue Feb 14 13:37:53 2017 [SCHED][I]: XML-RPC client using 1073741824 bytes for response buffer.

Tue Feb 14 13:40:58 2017 [SCHED][I]: XML-RPC client using 1073741824 bytes for response buffer.

Tue Feb 14 13:45:49 2017 [SCHED][I]: XML-RPC client using 1073741824 bytes for response buffer.

Tue Feb 14 14:13:18 2017 [SCHED][I]: XML-RPC client using 1073741824 bytes for response buffer.

Wed Feb 15 04:22:18 2017 [SCHED][I]: XML-RPC client using 1073741824 bytes for response buffer.

